<?xml version="1.0" encoding="UTF-8"?>
<!-- Generated by org.testng.reporters.JUnitXMLReporter -->
<testsuite ignored="3" hostname="MSI" failures="0" tests="3" name="Default test" time="20.799" errors="0" timestamp="2022-09-25T13:06:38 IST">
  <testcase classname="test.LoginPageTest" name="data" time="0.015"/>
  <testcase classname="test.LoginPageTest" name="data" time="0.001"/>
  <testcase classname="test.LoginPageTest" name="data" time="0.001"/>
  <testcase classname="test.LoginPageTest" name="signUpPageTest" time="0.0">
    <ignored/>
  </testcase> <!-- signUpPageTest -->
  <testcase classname="test.LoginPageTest" name="forgotPageTest" time="0.0">
    <ignored/>
  </testcase> <!-- forgotPageTest -->
  <testcase classname="test.LoginPageTest" name="zerodhaLoginTest" time="0.0">
    <ignored/>
  </testcase> <!-- zerodhaLoginTest -->
</testsuite> <!-- Default test -->
