<?xml version="1.0" encoding="UTF-8"?>
<testng-results ignored="3" total="6" passed="3" failed="0" skipped="0">
  <reporter-output>
  </reporter-output>
  <suite started-at="2022-09-25T13:06:17 IST" name="Default suite" finished-at="2022-09-25T13:06:38 IST" duration-ms="20799">
    <groups>
    </groups>
    <test started-at="2022-09-25T13:06:17 IST" name="Default test" finished-at="2022-09-25T13:06:38 IST" duration-ms="20799">
      <class name="test.LoginPageTest">
        <test-method is-config="true" signature="addReports()[pri:0, instance:test.LoginPageTest@3a93b025]" started-at="2022-09-25T13:06:17 IST" name="addReports" finished-at="2022-09-25T13:06:17 IST" duration-ms="161" status="PASS">
          <reporter-output>
          </reporter-output>
        </test-method> <!-- addReports -->
        <test-method is-config="true" signature="launchBrowser()[pri:0, instance:test.LoginPageTest@3a93b025]" started-at="2022-09-25T13:06:17 IST" name="launchBrowser" finished-at="2022-09-25T13:06:25 IST" duration-ms="7790" status="PASS">
          <reporter-output>
          </reporter-output>
        </test-method> <!-- launchBrowser -->
        <test-method signature="data(int,int,java.lang.String)[pri:0, instance:test.LoginPageTest@3a93b025]" started-at="2022-09-25T13:06:25 IST" name="data" data-provider="DataForTest" finished-at="2022-09-25T13:06:25 IST" duration-ms="15" status="PASS">
          <params>
            <param index="0">
              <value>
                <![CDATA[5]]>
              </value>
            </param>
            <param index="1">
              <value>
                <![CDATA[10]]>
              </value>
            </param>
            <param index="2">
              <value>
                <![CDATA[Velocity]]>
              </value>
            </param>
          </params>
          <reporter-output>
          </reporter-output>
        </test-method> <!-- data -->
        <test-method is-config="true" signature="postTest(org.testng.ITestResult)[pri:0, instance:test.LoginPageTest@3a93b025]" started-at="2022-09-25T13:06:25 IST" name="postTest" finished-at="2022-09-25T13:06:25 IST" duration-ms="4" status="PASS">
          <params>
            <param index="0">
              <value>
                <![CDATA[[TestResult name=data status=SUCCESS method=LoginPageTest.data(int,int,java.lang.String)[pri:0, instance:test.LoginPageTest@3a93b025] output={null}]]]>
              </value>
            </param>
          </params>
          <reporter-output>
          </reporter-output>
        </test-method> <!-- postTest -->
        <test-method is-config="true" signature="launchBrowser()[pri:0, instance:test.LoginPageTest@3a93b025]" started-at="2022-09-25T13:06:25 IST" name="launchBrowser" finished-at="2022-09-25T13:06:31 IST" duration-ms="6294" status="PASS">
          <reporter-output>
          </reporter-output>
        </test-method> <!-- launchBrowser -->
        <test-method signature="data(int,int,java.lang.String)[pri:0, instance:test.LoginPageTest@3a93b025]" started-at="2022-09-25T13:06:31 IST" name="data" data-provider="DataForTest" finished-at="2022-09-25T13:06:31 IST" duration-ms="1" status="PASS">
          <params>
            <param index="0">
              <value>
                <![CDATA[10]]>
              </value>
            </param>
            <param index="1">
              <value>
                <![CDATA[15]]>
              </value>
            </param>
            <param index="2">
              <value>
                <![CDATA[Katraj]]>
              </value>
            </param>
          </params>
          <reporter-output>
          </reporter-output>
        </test-method> <!-- data -->
        <test-method is-config="true" signature="launchBrowser()[pri:0, instance:test.LoginPageTest@3a93b025]" started-at="2022-09-25T13:06:31 IST" name="launchBrowser" finished-at="2022-09-25T13:06:37 IST" duration-ms="6232" status="PASS">
          <reporter-output>
          </reporter-output>
        </test-method> <!-- launchBrowser -->
        <test-method is-config="true" signature="postTest(org.testng.ITestResult)[pri:0, instance:test.LoginPageTest@3a93b025]" started-at="2022-09-25T13:06:31 IST" name="postTest" finished-at="2022-09-25T13:06:31 IST" duration-ms="0" status="PASS">
          <params>
            <param index="0">
              <value>
                <![CDATA[[TestResult name=data status=SUCCESS method=LoginPageTest.data(int,int,java.lang.String)[pri:0, instance:test.LoginPageTest@3a93b025] output={null}]]]>
              </value>
            </param>
          </params>
          <reporter-output>
          </reporter-output>
        </test-method> <!-- postTest -->
        <test-method signature="data(int,int,java.lang.String)[pri:0, instance:test.LoginPageTest@3a93b025]" started-at="2022-09-25T13:06:37 IST" name="data" data-provider="DataForTest" finished-at="2022-09-25T13:06:37 IST" duration-ms="1" status="PASS">
          <params>
            <param index="0">
              <value>
                <![CDATA[15]]>
              </value>
            </param>
            <param index="1">
              <value>
                <![CDATA[20]]>
              </value>
            </param>
            <param index="2">
              <value>
                <![CDATA[Pune]]>
              </value>
            </param>
          </params>
          <reporter-output>
          </reporter-output>
        </test-method> <!-- data -->
        <test-method is-config="true" signature="postTest(org.testng.ITestResult)[pri:0, instance:test.LoginPageTest@3a93b025]" started-at="2022-09-25T13:06:37 IST" name="postTest" finished-at="2022-09-25T13:06:37 IST" duration-ms="0" status="PASS">
          <params>
            <param index="0">
              <value>
                <![CDATA[[TestResult name=data status=SUCCESS method=LoginPageTest.data(int,int,java.lang.String)[pri:0, instance:test.LoginPageTest@3a93b025] output={null}]]]>
              </value>
            </param>
          </params>
          <reporter-output>
          </reporter-output>
        </test-method> <!-- postTest -->
        <test-method is-config="true" signature="flushReport()[pri:0, instance:test.LoginPageTest@3a93b025]" started-at="2022-09-25T13:06:37 IST" name="flushReport" finished-at="2022-09-25T13:06:38 IST" duration-ms="273" status="PASS">
          <reporter-output>
          </reporter-output>
        </test-method> <!-- flushReport -->
      </class> <!-- test.LoginPageTest -->
    </test> <!-- Default test -->
  </suite> <!-- Default suite -->
</testng-results>
